<?xml version="1.0" encoding="UTF-8"?>
<!-- Generated by org.testng.reporters.JUnitXMLReporter -->
<testsuite hostname="GISBIZ-LTP-85" ignored="0" name="Test" tests="4" failures="0" timestamp="17 Aug 2018 13:06:00 GMT" time="67.891" errors="0">
  <testcase name="createLead" time="4.555" classname="reportsTestday6.CreateLead"/>
  <testcase name="createLead" time="4.672" classname="reportsTestday6.CreateLead"/>
  <testcase name="createLead" time="4.685" classname="reportsTestday6.CreateLead"/>
  <testcase name="EditLeadTest" time="11.641" classname="reportsTestday6.EditLead"/>
</testsuite> <!-- Test -->
